[2023-09-15 01:47:19,320]: 10 main INFO >>>>>>>>>>>stage Data Ingestion Stage started <<<<<<<<<<
[2023-09-15 01:47:19,324]: 22 common INFO yaml file :config\config.yaml loaded successfully
[2023-09-15 01:47:19,328]: 22 common INFO yaml file :params.yaml loaded successfully
[2023-09-15 01:47:19,331]: 22 common INFO yaml file :schema.yaml loaded successfully
[2023-09-15 01:47:19,331]: 39 common INFO created directory at artifacts
[2023-09-15 01:47:19,332]: 39 common INFO created directory at artifacts/data_ingestion
[2023-09-15 01:47:19,332]: 26 data_ingestion INFO file already exist of size ~ 23 KB
[2023-09-15 01:47:19,348]: 13 main INFO >>>>>>>>>>>stage Data Ingestion Stage completed <<<<<<<<<
[2023-09-15 01:47:19,348]: 14 main INFO ------------------------------------------------------
[2023-09-15 01:47:19,349]: 17 main INFO >>>>>>>>>>>stage Data Validation Stage started <<<<<<<<<<
[2023-09-15 01:47:19,352]: 22 common INFO yaml file :config\config.yaml loaded successfully
[2023-09-15 01:47:19,353]: 22 common INFO yaml file :params.yaml loaded successfully
[2023-09-15 01:47:19,357]: 22 common INFO yaml file :schema.yaml loaded successfully
[2023-09-15 01:47:19,360]: 39 common INFO created directory at artifacts
[2023-09-15 01:47:19,360]: 39 common INFO created directory at artifacts/data_validation
[2023-09-15 01:47:19,395]: 20 main INFO >>>>>>>>>>>stage Data Validation Stage completed <<<<<<<<<
[2023-09-15 01:47:19,396]: 21 main INFO ------------------------------------------------------
[2023-09-15 01:47:19,396]: 24 main INFO >>>>>>>>>>>stage Data Transformation Stage started <<<<<<<<<<
[2023-09-15 01:47:19,403]: 22 common INFO yaml file :config\config.yaml loaded successfully
[2023-09-15 01:47:19,404]: 22 common INFO yaml file :params.yaml loaded successfully
[2023-09-15 01:47:19,409]: 22 common INFO yaml file :schema.yaml loaded successfully
[2023-09-15 01:47:19,411]: 39 common INFO created directory at artifacts
[2023-09-15 01:47:19,412]: 39 common INFO created directory at artifacts/data_transformation
[2023-09-15 01:47:19,451]: 22 data_transformation INFO Splitted data into train and test
[2023-09-15 01:47:19,451]: 23 data_transformation INFO Shape of the train data: (1199, 12)
[2023-09-15 01:47:19,451]: 24 data_transformation INFO Shape of the train data: (400, 12)
[2023-09-15 01:47:19,452]: 27 main INFO >>>>>>>>>>>stage Data Transformation Stage completed <<<<<<<<<
