[2023-09-15 01:46:34,194]: 10 main INFO >>>>>>>>>>>stage Data Ingestion Stage started <<<<<<<<<<
[2023-09-15 01:46:34,202]: 22 common INFO yaml file :config\config.yaml loaded successfully
[2023-09-15 01:46:34,204]: 22 common INFO yaml file :params.yaml loaded successfully
[2023-09-15 01:46:34,207]: 22 common INFO yaml file :schema.yaml loaded successfully
[2023-09-15 01:46:34,207]: 39 common INFO created directory at artifacts
[2023-09-15 01:46:34,208]: 39 common INFO created directory at artifacts/data_ingestion
[2023-09-15 01:46:34,208]: 26 data_ingestion INFO file already exist of size ~ 23 KB
[2023-09-15 01:46:34,211]: 13 main INFO >>>>>>>>>>>stage Data Ingestion Stage completed <<<<<<<<<
[2023-09-15 01:46:34,211]: 14 main INFO ------------------------------------------------------
[2023-09-15 01:46:34,211]: 17 main INFO >>>>>>>>>>>stage Data Validation Stage started <<<<<<<<<<
[2023-09-15 01:46:34,219]: 22 common INFO yaml file :config\config.yaml loaded successfully
[2023-09-15 01:46:34,221]: 22 common INFO yaml file :params.yaml loaded successfully
[2023-09-15 01:46:34,227]: 22 common INFO yaml file :schema.yaml loaded successfully
[2023-09-15 01:46:34,228]: 39 common INFO created directory at artifacts
[2023-09-15 01:46:34,229]: 39 common INFO created directory at artifacts/data_validation
[2023-09-15 01:46:34,252]: 20 main INFO >>>>>>>>>>>stage Data Validation Stage completed <<<<<<<<<
[2023-09-15 01:46:34,252]: 21 main INFO ------------------------------------------------------
[2023-09-15 01:46:34,252]: 24 main INFO >>>>>>>>>>>stage Data Transformation Stage started <<<<<<<<<<
[2023-09-15 01:46:34,257]: 22 common INFO yaml file :config\config.yaml loaded successfully
[2023-09-15 01:46:34,258]: 22 common INFO yaml file :params.yaml loaded successfully
[2023-09-15 01:46:34,261]: 22 common INFO yaml file :schema.yaml loaded successfully
[2023-09-15 01:46:34,263]: 39 common INFO created directory at artifacts
[2023-09-15 01:46:34,263]: 39 common INFO created directory at artifacts/data_transformation
[2023-09-15 01:46:34,308]: 22 data_transformation INFO Splitted data into train and test
[2023-09-15 01:46:34,309]: 23 data_transformation INFO Shape of the train data: (1199, 12)
[2023-09-15 01:46:34,309]: 24 data_transformation INFO Shape of the train data: (400, 12)
[2023-09-15 01:46:34,309]: 27 main INFO >>>>>>>>>>>stage Data Transformation Stage completed <<<<<<<<<
