[2023-09-15 01:33:29,278]: 10 main INFO >>>>>>>>>>>stage Data Ingestion Stage started <<<<<<<<<<
[2023-09-15 01:33:29,282]: 22 common INFO yaml file :config\config.yaml loaded successfully
[2023-09-15 01:33:29,283]: 22 common INFO yaml file :params.yaml loaded successfully
[2023-09-15 01:33:29,285]: 22 common INFO yaml file :schema.yaml loaded successfully
[2023-09-15 01:33:29,286]: 39 common INFO created directory at artifacts
[2023-09-15 01:33:29,286]: 39 common INFO created directory at artifacts/data_ingestion
[2023-09-15 01:33:29,286]: 25 data_ingestion INFO file already exist of size ~ 23 KB
[2023-09-15 01:33:29,296]: 13 main INFO >>>>>>>>>>>stage Data Ingestion Stage completed <<<<<<<<<
[2023-09-15 01:33:29,297]: 14 main INFO ------------------------------------------------------
[2023-09-15 01:33:29,297]: 17 main INFO >>>>>>>>>>>stage Data Validation Stage started <<<<<<<<<<
[2023-09-15 01:33:29,302]: 22 common INFO yaml file :config\config.yaml loaded successfully
[2023-09-15 01:33:29,305]: 22 common INFO yaml file :params.yaml loaded successfully
[2023-09-15 01:33:29,309]: 22 common INFO yaml file :schema.yaml loaded successfully
[2023-09-15 01:33:29,310]: 39 common INFO created directory at artifacts
[2023-09-15 01:33:29,310]: 39 common INFO created directory at artifacts/data_validation
[2023-09-15 01:33:29,345]: 20 main INFO >>>>>>>>>>>stage Data Validation Stage completed <<<<<<<<<
[2023-09-15 01:33:29,345]: 21 main INFO ------------------------------------------------------
[2023-09-15 01:33:29,345]: 24 main INFO >>>>>>>>>>>stage Data Transformation Stage started <<<<<<<<<<
[2023-09-15 01:33:29,348]: 22 common INFO yaml file :config\config.yaml loaded successfully
[2023-09-15 01:33:29,352]: 22 common INFO yaml file :params.yaml loaded successfully
[2023-09-15 01:33:29,357]: 22 common INFO yaml file :schema.yaml loaded successfully
[2023-09-15 01:33:29,358]: 39 common INFO created directory at artifacts
[2023-09-15 01:33:29,359]: 39 common INFO created directory at artifacts/data_transformation
[2023-09-15 01:33:29,396]: 22 data_transformation INFO Splitted data into train and test
[2023-09-15 01:33:29,396]: 23 data_transformation INFO Shape of the train data: (1199, 12)
[2023-09-15 01:33:29,396]: 24 data_transformation INFO Shape of the train data: (400, 12)
[2023-09-15 01:33:29,397]: 27 main INFO >>>>>>>>>>>stage Data Transformation Stage completed <<<<<<<<<
