[2023-09-23 23:25:01,521]: 20 main INFO >>>>>>>>>>>stage Data Ingestion Stage started <<<<<<<<<<
[2023-09-23 23:25:01,526]: 21 common INFO yaml file :config\config.yaml loaded successfully
[2023-09-23 23:25:01,529]: 21 common INFO yaml file :params.yaml loaded successfully
[2023-09-23 23:25:01,533]: 21 common INFO yaml file :schema.yaml loaded successfully
[2023-09-23 23:25:01,533]: 38 common INFO created directory at artifacts
[2023-09-23 23:25:01,534]: 38 common INFO created directory at artifacts/data_ingestion
[2023-09-23 23:25:01,534]: 26 data_ingestion INFO file already exist of size ~ 23 KB
[2023-09-23 23:25:01,542]: 23 main INFO >>>>>>>>>>>stage Data Ingestion Stage completed <<<<<<<<<
[2023-09-23 23:25:01,543]: 20 main INFO >>>>>>>>>>>stage Data Validation Stage started <<<<<<<<<<
[2023-09-23 23:25:01,550]: 21 common INFO yaml file :config\config.yaml loaded successfully
[2023-09-23 23:25:01,552]: 21 common INFO yaml file :params.yaml loaded successfully
[2023-09-23 23:25:01,556]: 21 common INFO yaml file :schema.yaml loaded successfully
[2023-09-23 23:25:01,558]: 38 common INFO created directory at artifacts
[2023-09-23 23:25:01,559]: 38 common INFO created directory at artifacts/data_validation
[2023-09-23 23:25:01,599]: 23 main INFO >>>>>>>>>>>stage Data Validation Stage completed <<<<<<<<<
[2023-09-23 23:25:01,600]: 20 main INFO >>>>>>>>>>>stage Data Transformation Stage started <<<<<<<<<<
[2023-09-23 23:25:01,606]: 21 common INFO yaml file :config\config.yaml loaded successfully
[2023-09-23 23:25:01,611]: 21 common INFO yaml file :params.yaml loaded successfully
[2023-09-23 23:25:01,615]: 21 common INFO yaml file :schema.yaml loaded successfully
[2023-09-23 23:25:01,615]: 38 common INFO created directory at artifacts
[2023-09-23 23:25:01,616]: 38 common INFO created directory at artifacts/data_transformation
[2023-09-23 23:25:01,661]: 22 data_transformation INFO Splitted data into train and test
[2023-09-23 23:25:01,661]: 23 data_transformation INFO Shape of the train data: (1199, 12)
[2023-09-23 23:25:01,662]: 24 data_transformation INFO Shape of the train data: (400, 12)
[2023-09-23 23:25:01,663]: 23 main INFO >>>>>>>>>>>stage Data Transformation Stage completed <<<<<<<<<
[2023-09-23 23:25:01,663]: 20 main INFO >>>>>>>>>>>stage Model Trainer Stage started <<<<<<<<<<
[2023-09-23 23:25:01,670]: 21 common INFO yaml file :config\config.yaml loaded successfully
[2023-09-23 23:25:01,673]: 21 common INFO yaml file :params.yaml loaded successfully
[2023-09-23 23:25:01,680]: 21 common INFO yaml file :schema.yaml loaded successfully
[2023-09-23 23:25:01,681]: 38 common INFO created directory at artifacts
[2023-09-23 23:25:01,681]: 38 common INFO created directory at artifacts/model_trainer
[2023-09-23 23:25:01,735]: 23 main INFO >>>>>>>>>>>stage Model Trainer Stage completed <<<<<<<<<
