[2023-10-09 16:46:23,902]: 23 main INFO >>>>>>>>>>>stage Data Ingestion Stage started <<<<<<<<<<
[2023-10-09 16:46:23,907]: 21 common INFO yaml file :config\config.yaml loaded successfully
[2023-10-09 16:46:23,908]: 21 common INFO yaml file :params.yaml loaded successfully
[2023-10-09 16:46:23,910]: 21 common INFO yaml file :schema.yaml loaded successfully
[2023-10-09 16:46:23,911]: 38 common INFO created directory at artifacts
[2023-10-09 16:46:23,911]: 38 common INFO created directory at artifacts/data_ingestion
[2023-10-09 16:46:23,911]: 26 data_ingestion INFO file already exist of size ~ 23 KB
[2023-10-09 16:46:23,915]: 26 main INFO >>>>>>>>>>>stage Data Ingestion Stage completed <<<<<<<<<
[2023-10-09 16:46:23,915]: 23 main INFO >>>>>>>>>>>stage Data Validation Stage started <<<<<<<<<<
[2023-10-09 16:46:23,920]: 21 common INFO yaml file :config\config.yaml loaded successfully
[2023-10-09 16:46:23,922]: 21 common INFO yaml file :params.yaml loaded successfully
[2023-10-09 16:46:23,924]: 21 common INFO yaml file :schema.yaml loaded successfully
[2023-10-09 16:46:23,925]: 38 common INFO created directory at artifacts
[2023-10-09 16:46:23,925]: 38 common INFO created directory at artifacts/data_validation
[2023-10-09 16:46:23,944]: 26 main INFO >>>>>>>>>>>stage Data Validation Stage completed <<<<<<<<<
[2023-10-09 16:46:23,944]: 23 main INFO >>>>>>>>>>>stage Data Transformation Stage started <<<<<<<<<<
[2023-10-09 16:46:23,950]: 21 common INFO yaml file :config\config.yaml loaded successfully
[2023-10-09 16:46:23,951]: 21 common INFO yaml file :params.yaml loaded successfully
[2023-10-09 16:46:23,953]: 21 common INFO yaml file :schema.yaml loaded successfully
[2023-10-09 16:46:23,954]: 38 common INFO created directory at artifacts
[2023-10-09 16:46:23,955]: 38 common INFO created directory at artifacts/data_transformation
[2023-10-09 16:46:23,984]: 22 data_transformation INFO Splitted data into train and test
[2023-10-09 16:46:23,984]: 23 data_transformation INFO Shape of the train data: (1199, 12)
[2023-10-09 16:46:23,984]: 24 data_transformation INFO Shape of the train data: (400, 12)
[2023-10-09 16:46:23,985]: 26 main INFO >>>>>>>>>>>stage Data Transformation Stage completed <<<<<<<<<
[2023-10-09 16:46:23,985]: 23 main INFO >>>>>>>>>>>stage Model Trainer Stage started <<<<<<<<<<
[2023-10-09 16:46:23,991]: 21 common INFO yaml file :config\config.yaml loaded successfully
[2023-10-09 16:46:23,994]: 21 common INFO yaml file :params.yaml loaded successfully
[2023-10-09 16:46:23,998]: 21 common INFO yaml file :schema.yaml loaded successfully
[2023-10-09 16:46:23,999]: 38 common INFO created directory at artifacts
[2023-10-09 16:46:24,000]: 38 common INFO created directory at artifacts/model_trainer
[2023-10-09 16:46:24,039]: 26 main INFO >>>>>>>>>>>stage Model Trainer Stage completed <<<<<<<<<
[2023-10-09 16:46:24,039]: 23 main INFO >>>>>>>>>>>stage Model Evaluation Stage started <<<<<<<<<<
[2023-10-09 16:46:24,045]: 21 common INFO yaml file :config\config.yaml loaded successfully
[2023-10-09 16:46:24,047]: 21 common INFO yaml file :params.yaml loaded successfully
[2023-10-09 16:46:24,049]: 21 common INFO yaml file :schema.yaml loaded successfully
[2023-10-09 16:46:24,050]: 38 common INFO created directory at artifacts
[2023-10-09 16:46:24,050]: 38 common INFO created directory at artifacts/model_evaluation
[2023-10-09 16:46:25,182]: 45 common INFO json file saved at: artifacts\model_evaluation\metrics.json
[2023-10-09 16:46:42,923]: 26 main INFO >>>>>>>>>>>stage Model Evaluation Stage completed <<<<<<<<<
